<?xml version="1.0" encoding="UTF-8"?>
<!-- Generated by org.testng.reporters.JUnitXMLReporter -->
<testsuite hostname="Mac-mini.local" ignored="2" name="Default test" tests="1" failures="0" timestamp="2023-06-16T00:02:04 CDT" time="4.063" errors="0">
  <testcase name="validateMonthDropDown" time="0.49" classname="test.DashboardTestPage"/>
  <testcase name="addCategoryAndValidate" time="0.0" classname="test.DashboardTestPage">
    <ignored/>
  </testcase> <!-- addCategoryAndValidate -->
  <testcase name="userShouldNotBeAbleToAddDuplicateCategory" time="0.0" classname="test.DashboardTestPage">
    <ignored/>
  </testcase> <!-- userShouldNotBeAbleToAddDuplicateCategory -->
</testsuite> <!-- Default test -->
