<?xml version="1.0" encoding="UTF-8"?>
<testng-results skipped="0" failed="0" ignored="2" total="3" passed="1">
  <reporter-output>
  </reporter-output>
  <suite name="Default suite" duration-ms="4063" started-at="2023-06-16T00:02:00 CDT" finished-at="2023-06-16T00:02:04 CDT">
    <groups>
    </groups>
    <test name="Default test" duration-ms="4063" started-at="2023-06-16T00:02:00 CDT" finished-at="2023-06-16T00:02:04 CDT">
      <class name="test.DashboardTestPage">
        <test-method status="PASS" signature="initalizeBrowser()[pri:0, instance:test.DashboardTestPage@76f2b07d]" name="initalizeBrowser" is-config="true" duration-ms="3541" started-at="2023-06-16T00:02:00 CDT" finished-at="2023-06-16T00:02:04 CDT">
          <reporter-output>
          </reporter-output>
        </test-method> <!-- initalizeBrowser -->
        <test-method status="PASS" signature="validateMonthDropDown()[pri:0, instance:test.DashboardTestPage@76f2b07d]" name="validateMonthDropDown" duration-ms="490" started-at="2023-06-16T00:02:04 CDT" finished-at="2023-06-16T00:02:04 CDT">
          <reporter-output>
          </reporter-output>
        </test-method> <!-- validateMonthDropDown -->
      </class> <!-- test.DashboardTestPage -->
    </test> <!-- Default test -->
  </suite> <!-- Default suite -->
</testng-results>
